<?xml version="1.0" encoding="UTF-8"?>
<testng-results skipped="0" failed="0" ignored="0" total="2" passed="2">
  <reporter-output>
  </reporter-output>
  <suite name="Suite" duration-ms="54" started-at="2018-08-27T09:11:11Z" finished-at="2018-08-27T09:11:11Z">
    <groups>
    </groups>
    <test name="Test" duration-ms="54" started-at="2018-08-27T09:11:11Z" finished-at="2018-08-27T09:11:11Z">
      <class name="reportNgEx1.Example">
        <test-method status="PASS" signature="f()[pri:0, instance:reportNgEx1.Example@63753b6d]" name="f" duration-ms="13" started-at="2018-08-27T09:11:11Z" finished-at="2018-08-27T09:11:11Z">
          <reporter-output>
          </reporter-output>
        </test-method> <!-- f -->
        <test-method status="PASS" signature="g()[pri:0, instance:reportNgEx1.Example@63753b6d]" name="g" duration-ms="3" started-at="2018-08-27T09:11:11Z" finished-at="2018-08-27T09:11:11Z">
          <reporter-output>
          </reporter-output>
        </test-method> <!-- g -->
      </class> <!-- reportNgEx1.Example -->
    </test> <!-- Test -->
  </suite> <!-- Suite -->
</testng-results>
